<?xml version="1.0" encoding="UTF-8"?>
<!-- Generated by org.testng.reporters.JUnitXMLReporter -->
<testsuite ignored="2" hostname="SRI" failures="1" tests="3" name="Test" time="69.49" errors="0" timestamp="2024-01-29T00:06:15 IST">
  <testcase classname="contactsTests.createContactWithLeadSource" name="createContactWithLead" time="15.211"/>
  <testcase classname="contactsTests.CreateContactTest" name="createContactWithMandatoryInfo" time="14.12"/>
  <testcase classname="contactsTests.CreateContactTest" name="demoTest" time="0.005">
    <failure type="java.lang.AssertionError" message="null">
      <![CDATA[java.lang.AssertionError: null
at contactsTests.CreateContactTest.demoTest(CreateContactTest.java:62)
at java.base/java.util.ArrayList.forEach(ArrayList.java:1511)
... Removed 29 stack frames]]>
    </failure>
  </testcase> <!-- demoTest -->
  <testcase classname="genericUtilities.BaseClass" name="@AfterSuite asCongif" time="0.0">
    <ignored/>
  </testcase> <!-- @AfterSuite asCongif -->
  <testcase classname="genericUtilities.BaseClass" name="@BeforeSuite bsconfig" time="0.0">
    <ignored/>
  </testcase> <!-- @BeforeSuite bsconfig -->
</testsuite> <!-- Test -->
