<?xml version="1.0" encoding="UTF-8"?>
<testng-results ignored="0" total="3" passed="2" failed="1" skipped="0">
  <reporter-output>
  </reporter-output>
  <suite started-at="2024-01-29T19:14:09 IST" name="Suite" finished-at="2024-01-29T19:15:19 IST" duration-ms="70573">
    <groups>
      <group name="RegressionSuite">
        <method signature="createContactWithLeadSource.createContactWithLead()[pri:0, instance:contactsTests.createContactWithLeadSource@7bedc48a]" name="createContactWithLead" class="contactsTests.createContactWithLeadSource"/>
      </group> <!-- RegressionSuite -->
      <group name="SmokeSuite">
        <method signature="CreateContactTest.createContactWithMandatoryInfo()[pri:0, instance:contactsTests.CreateContactTest@20d525]" name="createContactWithMandatoryInfo" class="contactsTests.CreateContactTest"/>
      </group> <!-- SmokeSuite -->
    </groups>
    <test started-at="2024-01-29T19:14:09 IST" name="Test" finished-at="2024-01-29T19:15:19 IST" duration-ms="70573">
      <class name="contactsTests.createContactWithLeadSource">
        <test-method is-config="true" signature="bsconfig()[pri:0, instance:contactsTests.createContactWithLeadSource@7bedc48a]" started-at="2024-01-29T19:14:08 IST" name="bsconfig" finished-at="2024-01-29T19:14:09 IST" duration-ms="34" status="PASS">
          <reporter-output>
          </reporter-output>
        </test-method> <!-- bsconfig -->
        <test-method is-config="true" signature="bcConfig()[pri:0, instance:contactsTests.createContactWithLeadSource@7bedc48a]" started-at="2024-01-29T19:14:09 IST" name="bcConfig" finished-at="2024-01-29T19:14:26 IST" duration-ms="17018" status="PASS">
          <reporter-output>
          </reporter-output>
        </test-method> <!-- bcConfig -->
        <test-method is-config="true" signature="bmCongig()[pri:0, instance:contactsTests.createContactWithLeadSource@7bedc48a]" started-at="2024-01-29T19:14:26 IST" name="bmCongig" finished-at="2024-01-29T19:14:30 IST" duration-ms="4400" status="PASS">
          <reporter-output>
          </reporter-output>
        </test-method> <!-- bmCongig -->
        <test-method signature="createContactWithLead()[pri:0, instance:contactsTests.createContactWithLeadSource@7bedc48a]" started-at="2024-01-29T19:14:30 IST" name="createContactWithLead" finished-at="2024-01-29T19:14:43 IST" duration-ms="12896" status="PASS">
          <reporter-output>
          </reporter-output>
        </test-method> <!-- createContactWithLead -->
        <test-method is-config="true" signature="amConfig()[pri:0, instance:contactsTests.createContactWithLeadSource@7bedc48a]" started-at="2024-01-29T19:14:43 IST" name="amConfig" finished-at="2024-01-29T19:14:46 IST" duration-ms="3036" status="PASS">
          <reporter-output>
          </reporter-output>
        </test-method> <!-- amConfig -->
        <test-method is-config="true" signature="acConfig()[pri:0, instance:contactsTests.createContactWithLeadSource@7bedc48a]" started-at="2024-01-29T19:14:46 IST" name="acConfig" finished-at="2024-01-29T19:14:47 IST" duration-ms="447" status="PASS">
          <reporter-output>
          </reporter-output>
        </test-method> <!-- acConfig -->
        <test-method is-config="true" signature="asCongif()[pri:0, instance:contactsTests.createContactWithLeadSource@7bedc48a]" started-at="2024-01-29T19:15:20 IST" name="asCongif" finished-at="2024-01-29T19:15:20 IST" duration-ms="0" status="PASS">
          <reporter-output>
          </reporter-output>
        </test-method> <!-- asCongif -->
      </class> <!-- contactsTests.createContactWithLeadSource -->
      <class name="contactsTests.CreateContactTest">
        <test-method is-config="true" signature="bcConfig()[pri:0, instance:contactsTests.CreateContactTest@20d525]" started-at="2024-01-29T19:14:47 IST" name="bcConfig" finished-at="2024-01-29T19:14:50 IST" duration-ms="3105" status="PASS">
          <reporter-output>
          </reporter-output>
        </test-method> <!-- bcConfig -->
        <test-method is-config="true" signature="bmCongig()[pri:0, instance:contactsTests.CreateContactTest@20d525]" started-at="2024-01-29T19:14:50 IST" name="bmCongig" finished-at="2024-01-29T19:14:54 IST" duration-ms="3645" status="PASS">
          <reporter-output>
          </reporter-output>
        </test-method> <!-- bmCongig -->
        <test-method signature="createContactWithMandatoryInfo()[pri:0, instance:contactsTests.CreateContactTest@20d525]" started-at="2024-01-29T19:14:54 IST" name="createContactWithMandatoryInfo" finished-at="2024-01-29T19:15:07 IST" duration-ms="13545" status="PASS">
          <reporter-output>
          </reporter-output>
        </test-method> <!-- createContactWithMandatoryInfo -->
        <test-method is-config="true" signature="amConfig()[pri:0, instance:contactsTests.CreateContactTest@20d525]" started-at="2024-01-29T19:15:07 IST" name="amConfig" finished-at="2024-01-29T19:15:10 IST" duration-ms="3144" status="PASS">
          <reporter-output>
          </reporter-output>
        </test-method> <!-- amConfig -->
        <test-method is-config="true" signature="bmCongig()[pri:0, instance:contactsTests.CreateContactTest@20d525]" started-at="2024-01-29T19:15:10 IST" name="bmCongig" finished-at="2024-01-29T19:15:14 IST" duration-ms="3518" status="PASS">
          <reporter-output>
          </reporter-output>
        </test-method> <!-- bmCongig -->
        <test-method signature="demoTest()[pri:0, instance:contactsTests.CreateContactTest@20d525]" started-at="2024-01-29T19:15:14 IST" name="demoTest" finished-at="2024-01-29T19:15:14 IST" duration-ms="0" status="FAIL">
          <exception class="java.lang.AssertionError">
            <message>
              <![CDATA[null]]>
            </message>
            <full-stacktrace>
              <![CDATA[java.lang.AssertionError: null
at org.testng.Assert.fail(Assert.java:111)
at org.testng.Assert.fail(Assert.java:116)
at contactsTests.CreateContactTest.demoTest(CreateContactTest.java:62)
at java.base/jdk.internal.reflect.NativeMethodAccessorImpl.invoke0(Native Method)
at java.base/jdk.internal.reflect.NativeMethodAccessorImpl.invoke(NativeMethodAccessorImpl.java:77)
at java.base/jdk.internal.reflect.DelegatingMethodAccessorImpl.invoke(DelegatingMethodAccessorImpl.java:43)
at java.base/java.lang.reflect.Method.invoke(Method.java:568)
at org.testng.internal.invokers.MethodInvocationHelper.invokeMethod(MethodInvocationHelper.java:139)
at org.testng.internal.invokers.TestInvoker.invokeMethod(TestInvoker.java:664)
at org.testng.internal.invokers.TestInvoker.invokeTestMethod(TestInvoker.java:228)
at org.testng.internal.invokers.MethodRunner.runInSequence(MethodRunner.java:63)
at org.testng.internal.invokers.TestInvoker$MethodInvocationAgent.invoke(TestInvoker.java:961)
at org.testng.internal.invokers.TestInvoker.invokeTestMethods(TestInvoker.java:201)
at org.testng.internal.invokers.TestMethodWorker.invokeTestMethods(TestMethodWorker.java:148)
at org.testng.internal.invokers.TestMethodWorker.run(TestMethodWorker.java:128)
at java.base/java.util.ArrayList.forEach(ArrayList.java:1511)
at org.testng.TestRunner.privateRun(TestRunner.java:819)
at org.testng.TestRunner.run(TestRunner.java:619)
at org.testng.SuiteRunner.runTest(SuiteRunner.java:443)
at org.testng.SuiteRunner.runSequentially(SuiteRunner.java:437)
at org.testng.SuiteRunner.privateRun(SuiteRunner.java:397)
at org.testng.SuiteRunner.run(SuiteRunner.java:336)
at org.testng.SuiteRunnerWorker.runSuite(SuiteRunnerWorker.java:52)
at org.testng.SuiteRunnerWorker.run(SuiteRunnerWorker.java:95)
at org.testng.TestNG.runSuitesSequentially(TestNG.java:1301)
at org.testng.TestNG.runSuitesLocally(TestNG.java:1228)
at org.testng.TestNG.runSuites(TestNG.java:1134)
at org.testng.TestNG.run(TestNG.java:1101)
at org.testng.remote.AbstractRemoteTestNG.run(AbstractRemoteTestNG.java:115)
at org.testng.remote.RemoteTestNG.initAndRun(RemoteTestNG.java:251)
at org.testng.remote.RemoteTestNG.main(RemoteTestNG.java:77)
]]>
            </full-stacktrace>
          </exception> <!-- java.lang.AssertionError -->
          <reporter-output>
          </reporter-output>
        </test-method> <!-- demoTest -->
        <test-method is-config="true" signature="amConfig()[pri:0, instance:contactsTests.CreateContactTest@20d525]" started-at="2024-01-29T19:15:14 IST" name="amConfig" finished-at="2024-01-29T19:15:19 IST" duration-ms="4568" status="PASS">
          <reporter-output>
          </reporter-output>
        </test-method> <!-- amConfig -->
        <test-method is-config="true" signature="acConfig()[pri:0, instance:contactsTests.CreateContactTest@20d525]" started-at="2024-01-29T19:15:19 IST" name="acConfig" finished-at="2024-01-29T19:15:19 IST" duration-ms="423" status="PASS">
          <reporter-output>
          </reporter-output>
        </test-method> <!-- acConfig -->
      </class> <!-- contactsTests.CreateContactTest -->
    </test> <!-- Test -->
  </suite> <!-- Suite -->
</testng-results>
