<?xml version="1.0" encoding="UTF-8"?>
<testng-results ignored="0" total="1" passed="1" failed="0" skipped="0">
  <reporter-output>
  </reporter-output>
  <suite started-at="2024-01-28T23:32:26 IST" name="Suite" finished-at="2024-01-28T23:32:59 IST" duration-ms="33062">
    <groups>
      <group name="SmokeSuite">
        <method signature="CreateContactTest.createContactWithMandatoryInfo()[pri:0, instance:contactsTests.CreateContactTest@6200f9cb]" name="createContactWithMandatoryInfo" class="contactsTests.CreateContactTest"/>
      </group> <!-- SmokeSuite -->
    </groups>
    <test started-at="2024-01-28T23:32:26 IST" name="Test" finished-at="2024-01-28T23:32:59 IST" duration-ms="33062">
      <class name="contactsTests.CreateContactTest">
        <test-method is-config="true" signature="bsconfig()[pri:0, instance:contactsTests.CreateContactTest@6200f9cb]" started-at="2024-01-28T23:32:26 IST" name="bsconfig" finished-at="2024-01-28T23:32:26 IST" duration-ms="28" status="PASS">
          <reporter-output>
          </reporter-output>
        </test-method> <!-- bsconfig -->
        <test-method is-config="true" signature="bcConfig()[pri:0, instance:contactsTests.CreateContactTest@6200f9cb]" started-at="2024-01-28T23:32:27 IST" name="bcConfig" finished-at="2024-01-28T23:32:35 IST" duration-ms="8225" status="PASS">
          <reporter-output>
          </reporter-output>
        </test-method> <!-- bcConfig -->
        <test-method is-config="true" signature="bmCongig()[pri:0, instance:contactsTests.CreateContactTest@6200f9cb]" started-at="2024-01-28T23:32:35 IST" name="bmCongig" finished-at="2024-01-28T23:32:39 IST" duration-ms="4195" status="PASS">
          <reporter-output>
          </reporter-output>
        </test-method> <!-- bmCongig -->
        <test-method signature="createContactWithMandatoryInfo()[pri:0, instance:contactsTests.CreateContactTest@6200f9cb]" started-at="2024-01-28T23:32:39 IST" name="createContactWithMandatoryInfo" finished-at="2024-01-28T23:32:54 IST" duration-ms="15028" status="PASS">
          <reporter-output>
          </reporter-output>
        </test-method> <!-- createContactWithMandatoryInfo -->
        <test-method is-config="true" signature="amConfig()[pri:0, instance:contactsTests.CreateContactTest@6200f9cb]" started-at="2024-01-28T23:32:54 IST" name="amConfig" finished-at="2024-01-28T23:32:57 IST" duration-ms="3358" status="PASS">
          <reporter-output>
          </reporter-output>
        </test-method> <!-- amConfig -->
        <test-method is-config="true" signature="acConfig()[pri:0, instance:contactsTests.CreateContactTest@6200f9cb]" started-at="2024-01-28T23:32:58 IST" name="acConfig" finished-at="2024-01-28T23:32:59 IST" duration-ms="1585" status="PASS">
          <reporter-output>
          </reporter-output>
        </test-method> <!-- acConfig -->
        <test-method is-config="true" signature="asCongif()[pri:0, instance:contactsTests.CreateContactTest@6200f9cb]" started-at="2024-01-28T23:33:00 IST" name="asCongif" finished-at="2024-01-28T23:33:00 IST" duration-ms="0" status="PASS">
          <reporter-output>
          </reporter-output>
        </test-method> <!-- asCongif -->
      </class> <!-- contactsTests.CreateContactTest -->
    </test> <!-- Test -->
  </suite> <!-- Suite -->
</testng-results>
